<!DOCTYPE html>

<html>
  <head>
  <meta charset='utf-8'>
  <title>TestNG reports</title>

    <link type="text/css" href="testng-reports.css" rel="stylesheet" />
    <script type="text/javascript" src="jquery-1.7.1.min.js"></script>
    <script type="text/javascript" src="testng-reports.js"></script>
    <script type="text/javascript" src="https://www.google.com/jsapi"></script>
    <script type='text/javascript'>
      google.load('visualization', '1', {packages:['table']});
      google.setOnLoadCallback(drawTable);
      var suiteTableInitFunctions = new Array();
      var suiteTableData = new Array();
    </script>
    <!--
      <script type="text/javascript" src="jquery-ui/js/jquery-ui-1.8.16.custom.min.js"></script>
     -->
  </head>

  <body>
    <div class="top-banner-root">
      <span class="top-banner-title-font">Test results</span>
      <br/>
      <span class="top-banner-font-1">1 suite, 1 failed test</span>
    </div> <!-- top-banner-root -->
    <div class="navigator-root">
      <div class="navigator-suite-header">
        <span>All suites</span>
        <a href="#" class="collapse-all-link" title="Collapse/expand all the suites">
          <img class="collapse-all-icon" src="collapseall.gif">
          </img> <!-- collapse-all-icon -->
        </a> <!-- collapse-all-link -->
      </div> <!-- navigator-suite-header -->
      <div class="suite">
        <div class="rounded-window">
          <div class="suite-header light-rounded-window-top">
            <a href="#" class="navigator-link" panel-name="suite-Extent_Reports_Failed_Screenshot">
              <span class="suite-name border-failed">Extent Reports Failed Screenshot</span>
            </a> <!-- navigator-link -->
          </div> <!-- suite-header light-rounded-window-top -->
          <div class="navigator-suite-content">
            <div class="suite-section-title">
              <span>Info</span>
            </div> <!-- suite-section-title -->
            <div class="suite-section-content">
              <ul>
                <li>
                  <a href="#" class="navigator-link " panel-name="test-xml-Extent_Reports_Failed_Screenshot">
                    <span>C:\Users\subham\eclipse-workspace\ExtentReportFailedScreenshot\src\main\file\testng.xml</span>
                  </a> <!-- navigator-link  -->
                </li>
                <li>
                  <a href="#" class="navigator-link " panel-name="testlist-Extent_Reports_Failed_Screenshot">
                    <span class="test-stats">1 test</span>
                  </a> <!-- navigator-link  -->
                </li>
                <li>
                  <a href="#" class="navigator-link " panel-name="group-Extent_Reports_Failed_Screenshot">
                    <span>0 groups</span>
                  </a> <!-- navigator-link  -->
                </li>
                <li>
                  <a href="#" class="navigator-link " panel-name="times-Extent_Reports_Failed_Screenshot">
                    <span>Times</span>
                  </a> <!-- navigator-link  -->
                </li>
                <li>
                  <a href="#" class="navigator-link " panel-name="reporter-Extent_Reports_Failed_Screenshot">
                    <span>Reporter output</span>
                  </a> <!-- navigator-link  -->
                </li>
                <li>
                  <a href="#" class="navigator-link " panel-name="ignored-methods-Extent_Reports_Failed_Screenshot">
                    <span>Ignored methods</span>
                  </a> <!-- navigator-link  -->
                </li>
                <li>
                  <a href="#" class="navigator-link " panel-name="chronological-Extent_Reports_Failed_Screenshot">
                    <span>Chronological view</span>
                  </a> <!-- navigator-link  -->
                </li>
              </ul>
            </div> <!-- suite-section-content -->
            <div class="result-section">
              <div class="suite-section-title">
                <span>Results</span>
              </div> <!-- suite-section-title -->
              <div class="suite-section-content">
                <ul>
                  <li>
                    <span class="method-stats">2 methods, 1 failed,   1 passed</span>
                  </li>
                  <li>
                    <span class="method-list-title failed">Failed methods</span>
                    <span class="show-or-hide-methods failed">
                      <a href="#" panel-name="suite-Extent_Reports_Failed_Screenshot" class="hide-methods failed suite-Extent_Reports_Failed_Screenshot"> (hide)</a> <!-- hide-methods failed suite-Extent_Reports_Failed_Screenshot -->
                      <a href="#" panel-name="suite-Extent_Reports_Failed_Screenshot" class="show-methods failed suite-Extent_Reports_Failed_Screenshot"> (show)</a> <!-- show-methods failed suite-Extent_Reports_Failed_Screenshot -->
                    </span>
                    <div class="method-list-content failed suite-Extent_Reports_Failed_Screenshot">
                      <span>
                        <img width="3%" src="failed.png"/>
                        <a href="#" class="method navigator-link" panel-name="suite-Extent_Reports_Failed_Screenshot" title="com.qa.testQA.LandingPageTest" hash-for-method="kiposSignInTest">kiposSignInTest</a> <!-- method navigator-link -->
                      </span>
                      <br/>
                    </div> <!-- method-list-content failed suite-Extent_Reports_Failed_Screenshot -->
                  </li>
                  <li>
                    <span class="method-list-title passed">Passed methods</span>
                    <span class="show-or-hide-methods passed">
                      <a href="#" panel-name="suite-Extent_Reports_Failed_Screenshot" class="hide-methods passed suite-Extent_Reports_Failed_Screenshot"> (hide)</a> <!-- hide-methods passed suite-Extent_Reports_Failed_Screenshot -->
                      <a href="#" panel-name="suite-Extent_Reports_Failed_Screenshot" class="show-methods passed suite-Extent_Reports_Failed_Screenshot"> (show)</a> <!-- show-methods passed suite-Extent_Reports_Failed_Screenshot -->
                    </span>
                    <div class="method-list-content passed suite-Extent_Reports_Failed_Screenshot">
                      <span>
                        <img width="3%" src="passed.png"/>
                        <a href="#" class="method navigator-link" panel-name="suite-Extent_Reports_Failed_Screenshot" title="com.qa.testQA.LandingPageTest" hash-for-method="kiposLogoTest">kiposLogoTest</a> <!-- method navigator-link -->
                      </span>
                      <br/>
                    </div> <!-- method-list-content passed suite-Extent_Reports_Failed_Screenshot -->
                  </li>
                </ul>
              </div> <!-- suite-section-content -->
            </div> <!-- result-section -->
          </div> <!-- navigator-suite-content -->
        </div> <!-- rounded-window -->
      </div> <!-- suite -->
    </div> <!-- navigator-root -->
    <div class="wrapper">
      <div class="main-panel-root">
        <div panel-name="suite-Extent_Reports_Failed_Screenshot" class="panel Extent_Reports_Failed_Screenshot">
          <div class="suite-Extent_Reports_Failed_Screenshot-class-failed">
            <div class="main-panel-header rounded-window-top">
              <img src="failed.png"/>
              <span class="class-name">com.qa.testQA.LandingPageTest</span>
            </div> <!-- main-panel-header rounded-window-top -->
            <div class="main-panel-content rounded-window-bottom">
              <div class="method">
                <div class="method-content">
                  <a name="kiposSignInTest">
                  </a> <!-- kiposSignInTest -->
                  <span class="method-name">kiposSignInTest</span>
                  <div class="stack-trace">org.openqa.selenium.NoSuchElementException: no such element: Unable to locate element: {&quot;method&quot;:&quot;xpath&quot;,&quot;selector&quot;:&quot;//div[@class=&apos;col-lg-4 col-xl-4 col-md-5 col-sm-4 col-8 sign-right order-aline-2 ng-scope&apos;]//span[@class=&apos;btn btn-login&apos;][contains(text(),&apos;Signup123&apos;)]&quot;}
  (Session info: chrome=78.0.3904.108)
For documentation on this error, please visit: https://www.seleniumhq.org/exceptions/no_such_element.html
Build info: version: &apos;3.141.59&apos;, revision: &apos;e82be7d358&apos;, time: &apos;2018-11-14T08:17:03&apos;
System info: host: &apos;SRIJAYTECHLAP-1&apos;, ip: &apos;192.168.0.164&apos;, os.name: &apos;Windows 7&apos;, os.arch: &apos;amd64&apos;, os.version: &apos;6.1&apos;, java.version: &apos;1.8.0_181&apos;
Driver info: org.openqa.selenium.chrome.ChromeDriver
Capabilities {acceptInsecureCerts: false, browserName: chrome, browserVersion: 78.0.3904.108, chrome: {chromedriverVersion: 78.0.3904.70 (edb9c9f3de024..., userDataDir: C:\Users\subham\AppData\Loc...}, goog:chromeOptions: {debuggerAddress: localhost:3416}, javascriptEnabled: true, networkConnectionEnabled: false, pageLoadStrategy: normal, platform: XP, platformName: XP, proxy: Proxy(), setWindowRect: true, strictFileInteractability: false, timeouts: {implicit: 0, pageLoad: 300000, script: 30000}, unhandledPromptBehavior: dismiss and notify}
Session ID: 26f37d61a7ecc83325e4f754b5e0a1fe
*** Element info: {Using=xpath, value=//div[@class=&apos;col-lg-4 col-xl-4 col-md-5 col-sm-4 col-8 sign-right order-aline-2 ng-scope&apos;]//span[@class=&apos;btn btn-login&apos;][contains(text(),&apos;Signup123&apos;)]}
	at org.openqa.selenium.remote.http.W3CHttpResponseCodec.createException(W3CHttpResponseCodec.java:187)
	at org.openqa.selenium.remote.http.W3CHttpResponseCodec.decode(W3CHttpResponseCodec.java:122)
	at org.openqa.selenium.remote.http.W3CHttpResponseCodec.decode(W3CHttpResponseCodec.java:49)
	at org.openqa.selenium.remote.HttpCommandExecutor.execute(HttpCommandExecutor.java:158)
	at org.openqa.selenium.remote.service.DriverCommandExecutor.execute(DriverCommandExecutor.java:83)
	at org.openqa.selenium.remote.RemoteWebDriver.execute(RemoteWebDriver.java:552)
	at org.openqa.selenium.remote.RemoteWebDriver.findElement(RemoteWebDriver.java:323)
	at org.openqa.selenium.remote.RemoteWebDriver.findElementByXPath(RemoteWebDriver.java:428)
	at org.openqa.selenium.By$ByXPath.findElement(By.java:353)
	at org.openqa.selenium.remote.RemoteWebDriver.findElement(RemoteWebDriver.java:315)
	at com.qa.testQA.LandingPageTest.kiposSignInTest(LandingPageTest.java:104)
	at java.util.ArrayList.forEach(ArrayList.java:1257)
... Removed 31 stack frames
</div> <!-- stack-trace -->
                </div> <!-- method-content -->
              </div> <!-- method -->
            </div> <!-- main-panel-content rounded-window-bottom -->
          </div> <!-- suite-Extent_Reports_Failed_Screenshot-class-failed -->
          <div class="suite-Extent_Reports_Failed_Screenshot-class-passed">
            <div class="main-panel-header rounded-window-top">
              <img src="passed.png"/>
              <span class="class-name">com.qa.testQA.LandingPageTest</span>
            </div> <!-- main-panel-header rounded-window-top -->
            <div class="main-panel-content rounded-window-bottom">
              <div class="method">
                <div class="method-content">
                  <a name="kiposLogoTest">
                  </a> <!-- kiposLogoTest -->
                  <span class="method-name">kiposLogoTest</span>
                </div> <!-- method-content -->
              </div> <!-- method -->
            </div> <!-- main-panel-content rounded-window-bottom -->
          </div> <!-- suite-Extent_Reports_Failed_Screenshot-class-passed -->
        </div> <!-- panel Extent_Reports_Failed_Screenshot -->
        <div panel-name="test-xml-Extent_Reports_Failed_Screenshot" class="panel">
          <div class="main-panel-header rounded-window-top">
            <span class="header-content">C:\Users\subham\eclipse-workspace\ExtentReportFailedScreenshot\src\main\file\testng.xml</span>
          </div> <!-- main-panel-header rounded-window-top -->
          <div class="main-panel-content rounded-window-bottom">
            <pre>
&lt;?xml version=&quot;1.0&quot; encoding=&quot;UTF-8&quot;?&gt;
&lt;!DOCTYPE suite SYSTEM &quot;https://testng.org/testng-1.0.dtd&quot;&gt;
&lt;suite guice-stage=&quot;DEVELOPMENT&quot; name=&quot;Extent Reports Failed Screenshot&quot;&gt;
  &lt;listeners&gt;
    &lt;listener class-name=&quot;com.qa.util.ExtentReporterNG&quot;/&gt;
  &lt;/listeners&gt;
  &lt;test thread-count=&quot;5&quot; name=&quot;Extent report screenshot&quot;&gt;
    &lt;classes&gt;
      &lt;class name=&quot;com.qa.testQA.LandingPageTest&quot;/&gt;
    &lt;/classes&gt;
  &lt;/test&gt; &lt;!-- Extent report screenshot --&gt;
&lt;/suite&gt; &lt;!-- Extent Reports Failed Screenshot --&gt;
            </pre>
          </div> <!-- main-panel-content rounded-window-bottom -->
        </div> <!-- panel -->
        <div panel-name="testlist-Extent_Reports_Failed_Screenshot" class="panel">
          <div class="main-panel-header rounded-window-top">
            <span class="header-content">Tests for Extent Reports Failed Screenshot</span>
          </div> <!-- main-panel-header rounded-window-top -->
          <div class="main-panel-content rounded-window-bottom">
            <ul>
              <li>
                <span class="test-name">Extent report screenshot (1 class)</span>
              </li>
            </ul>
          </div> <!-- main-panel-content rounded-window-bottom -->
        </div> <!-- panel -->
        <div panel-name="group-Extent_Reports_Failed_Screenshot" class="panel">
          <div class="main-panel-header rounded-window-top">
            <span class="header-content">Groups for Extent Reports Failed Screenshot</span>
          </div> <!-- main-panel-header rounded-window-top -->
          <div class="main-panel-content rounded-window-bottom">
          </div> <!-- main-panel-content rounded-window-bottom -->
        </div> <!-- panel -->
        <div panel-name="times-Extent_Reports_Failed_Screenshot" class="panel">
          <div class="main-panel-header rounded-window-top">
            <span class="header-content">Times for Extent Reports Failed Screenshot</span>
          </div> <!-- main-panel-header rounded-window-top -->
          <div class="main-panel-content rounded-window-bottom">
            <div class="times-div">
              <script type="text/javascript">
suiteTableInitFunctions.push('tableData_Extent_Reports_Failed_Screenshot');
function tableData_Extent_Reports_Failed_Screenshot() {
var data = new google.visualization.DataTable();
data.addColumn('number', 'Number');
data.addColumn('string', 'Method');
data.addColumn('string', 'Class');
data.addColumn('number', 'Time (ms)');
data.addRows(2);
data.setCell(0, 0, 0)
data.setCell(0, 1, 'kiposSignInTest')
data.setCell(0, 2, 'com.qa.testQA.LandingPageTest')
data.setCell(0, 3, 10310);
data.setCell(1, 0, 1)
data.setCell(1, 1, 'kiposLogoTest')
data.setCell(1, 2, 'com.qa.testQA.LandingPageTest')
data.setCell(1, 3, 2307);
window.suiteTableData['Extent_Reports_Failed_Screenshot']= { tableData: data, tableDiv: 'times-div-Extent_Reports_Failed_Screenshot'}
return data;
}
              </script>
              <span class="suite-total-time">Total running time: 12 seconds</span>
              <div id="times-div-Extent_Reports_Failed_Screenshot">
              </div> <!-- times-div-Extent_Reports_Failed_Screenshot -->
            </div> <!-- times-div -->
          </div> <!-- main-panel-content rounded-window-bottom -->
        </div> <!-- panel -->
        <div panel-name="reporter-Extent_Reports_Failed_Screenshot" class="panel">
          <div class="main-panel-header rounded-window-top">
            <span class="header-content">Reporter output for Extent Reports Failed Screenshot</span>
          </div> <!-- main-panel-header rounded-window-top -->
          <div class="main-panel-content rounded-window-bottom">
          </div> <!-- main-panel-content rounded-window-bottom -->
        </div> <!-- panel -->
        <div panel-name="ignored-methods-Extent_Reports_Failed_Screenshot" class="panel">
          <div class="main-panel-header rounded-window-top">
            <span class="header-content">0 ignored methods</span>
          </div> <!-- main-panel-header rounded-window-top -->
          <div class="main-panel-content rounded-window-bottom">
          </div> <!-- main-panel-content rounded-window-bottom -->
        </div> <!-- panel -->
        <div panel-name="chronological-Extent_Reports_Failed_Screenshot" class="panel">
          <div class="main-panel-header rounded-window-top">
            <span class="header-content">Methods in chronological order</span>
          </div> <!-- main-panel-header rounded-window-top -->
          <div class="main-panel-content rounded-window-bottom">
            <div class="chronological-class">
              <div class="chronological-class-name">com.qa.testQA.LandingPageTest</div> <!-- chronological-class-name -->
              <div class="configuration-test before">
                <span class="method-name">setExtent</span>
                <span class="method-start">0 ms</span>
              </div> <!-- configuration-test before -->
              <div class="configuration-method before">
                <span class="method-name">setup</span>
                <span class="method-start">250 ms</span>
              </div> <!-- configuration-method before -->
              <div class="test-method">
                <img src="failed.png">
                </img>
                <span class="method-name">kiposSignInTest</span>
                <span class="method-start">18191 ms</span>
              </div> <!-- test-method -->
              <div class="configuration-method after">
                <span class="method-name">tearDown([TestResult name=kiposSignInTest status=FAILURE method=LandingPageTest.kiposSignInTest()[pri:1, inst...)</span>
                <span class="method-start">28521 ms</span>
              </div> <!-- configuration-method after -->
              <div class="configuration-method before">
                <span class="method-name">setup</span>
                <span class="method-start">30618 ms</span>
              </div> <!-- configuration-method before -->
              <div class="test-method">
                <span class="method-name">kiposLogoTest</span>
                <span class="method-start">45848 ms</span>
              </div> <!-- test-method -->
              <div class="configuration-method after">
                <span class="method-name">tearDown([TestResult name=kiposLogoTest status=SUCCESS method=LandingPageTest.kiposLogoTest()[pri:2, instance...)</span>
                <span class="method-start">48155 ms</span>
              </div> <!-- configuration-method after -->
              <div class="configuration-test after">
                <span class="method-name">endReport</span>
                <span class="method-start">48913 ms</span>
              </div> <!-- configuration-test after -->
          </div> <!-- main-panel-content rounded-window-bottom -->
        </div> <!-- panel -->
      </div> <!-- main-panel-root -->
    </div> <!-- wrapper -->
  </body>
</html>
