<?xml version="1.0" encoding="UTF-8"?>
<testng-results skipped="0" failed="1" ignored="0" total="2" passed="1">
  <reporter-output>
  </reporter-output>
  <suite name="Extent Reports Failed Screenshot" duration-ms="49526" started-at="2019-11-26T11:54:10 IST" finished-at="2019-11-26T11:55:00 IST">
    <groups>
    </groups>
    <test name="Extent report screenshot" duration-ms="49526" started-at="2019-11-26T11:54:10 IST" finished-at="2019-11-26T11:55:00 IST">
      <class name="com.qa.testQA.LandingPageTest">
        <test-method status="PASS" signature="setExtent()[pri:0, instance:com.qa.testQA.LandingPageTest@3e57cd70]" name="setExtent" is-config="true" duration-ms="220" started-at="2019-11-26T11:54:10 IST" finished-at="2019-11-26T11:54:11 IST">
          <reporter-output>
          </reporter-output>
        </test-method> <!-- setExtent -->
        <test-method status="PASS" signature="setup()[pri:0, instance:com.qa.testQA.LandingPageTest@3e57cd70]" name="setup" is-config="true" duration-ms="17940" started-at="2019-11-26T11:54:11 IST" finished-at="2019-11-26T11:54:29 IST">
          <reporter-output>
          </reporter-output>
        </test-method> <!-- setup -->
        <test-method status="FAIL" signature="kiposSignInTest()[pri:1, instance:com.qa.testQA.LandingPageTest@3e57cd70]" name="kiposSignInTest" duration-ms="10310" started-at="2019-11-26T11:54:29 IST" finished-at="2019-11-26T11:54:39 IST">
          <exception class="org.openqa.selenium.NoSuchElementException">
            <message>
              <![CDATA[no such element: Unable to locate element: {"method":"xpath","selector":"//div[@class='col-lg-4 col-xl-4 col-md-5 col-sm-4 col-8 sign-right order-aline-2 ng-scope']//span[@class='btn btn-login'][contains(text(),'Signup123')]"}
  (Session info: chrome=78.0.3904.108)
For documentation on this error, please visit: https://www.seleniumhq.org/exceptions/no_such_element.html
Build info: version: '3.141.59', revision: 'e82be7d358', time: '2018-11-14T08:17:03'
System info: host: 'SRIJAYTECHLAP-1', ip: '192.168.0.164', os.name: 'Windows 7', os.arch: 'amd64', os.version: '6.1', java.version: '1.8.0_181'
Driver info: org.openqa.selenium.chrome.ChromeDriver
Capabilities {acceptInsecureCerts: false, browserName: chrome, browserVersion: 78.0.3904.108, chrome: {chromedriverVersion: 78.0.3904.70 (edb9c9f3de024..., userDataDir: C:\Users\subham\AppData\Loc...}, goog:chromeOptions: {debuggerAddress: localhost:3416}, javascriptEnabled: true, networkConnectionEnabled: false, pageLoadStrategy: normal, platform: XP, platformName: XP, proxy: Proxy(), setWindowRect: true, strictFileInteractability: false, timeouts: {implicit: 0, pageLoad: 300000, script: 30000}, unhandledPromptBehavior: dismiss and notify}
Session ID: 26f37d61a7ecc83325e4f754b5e0a1fe
*** Element info: {Using=xpath, value=//div[@class='col-lg-4 col-xl-4 col-md-5 col-sm-4 col-8 sign-right order-aline-2 ng-scope']//span[@class='btn btn-login'][contains(text(),'Signup123')]}]]>
            </message>
            <full-stacktrace>
              <![CDATA[org.openqa.selenium.NoSuchElementException: no such element: Unable to locate element: {"method":"xpath","selector":"//div[@class='col-lg-4 col-xl-4 col-md-5 col-sm-4 col-8 sign-right order-aline-2 ng-scope']//span[@class='btn btn-login'][contains(text(),'Signup123')]"}
  (Session info: chrome=78.0.3904.108)
For documentation on this error, please visit: https://www.seleniumhq.org/exceptions/no_such_element.html
Build info: version: '3.141.59', revision: 'e82be7d358', time: '2018-11-14T08:17:03'
System info: host: 'SRIJAYTECHLAP-1', ip: '192.168.0.164', os.name: 'Windows 7', os.arch: 'amd64', os.version: '6.1', java.version: '1.8.0_181'
Driver info: org.openqa.selenium.chrome.ChromeDriver
Capabilities {acceptInsecureCerts: false, browserName: chrome, browserVersion: 78.0.3904.108, chrome: {chromedriverVersion: 78.0.3904.70 (edb9c9f3de024..., userDataDir: C:\Users\subham\AppData\Loc...}, goog:chromeOptions: {debuggerAddress: localhost:3416}, javascriptEnabled: true, networkConnectionEnabled: false, pageLoadStrategy: normal, platform: XP, platformName: XP, proxy: Proxy(), setWindowRect: true, strictFileInteractability: false, timeouts: {implicit: 0, pageLoad: 300000, script: 30000}, unhandledPromptBehavior: dismiss and notify}
Session ID: 26f37d61a7ecc83325e4f754b5e0a1fe
*** Element info: {Using=xpath, value=//div[@class='col-lg-4 col-xl-4 col-md-5 col-sm-4 col-8 sign-right order-aline-2 ng-scope']//span[@class='btn btn-login'][contains(text(),'Signup123')]}
at sun.reflect.NativeConstructorAccessorImpl.newInstance0(Native Method)
at sun.reflect.NativeConstructorAccessorImpl.newInstance(NativeConstructorAccessorImpl.java:62)
at sun.reflect.DelegatingConstructorAccessorImpl.newInstance(DelegatingConstructorAccessorImpl.java:45)
at java.lang.reflect.Constructor.newInstance(Constructor.java:423)
at org.openqa.selenium.remote.http.W3CHttpResponseCodec.createException(W3CHttpResponseCodec.java:187)
at org.openqa.selenium.remote.http.W3CHttpResponseCodec.decode(W3CHttpResponseCodec.java:122)
at org.openqa.selenium.remote.http.W3CHttpResponseCodec.decode(W3CHttpResponseCodec.java:49)
at org.openqa.selenium.remote.HttpCommandExecutor.execute(HttpCommandExecutor.java:158)
at org.openqa.selenium.remote.service.DriverCommandExecutor.execute(DriverCommandExecutor.java:83)
at org.openqa.selenium.remote.RemoteWebDriver.execute(RemoteWebDriver.java:552)
at org.openqa.selenium.remote.RemoteWebDriver.findElement(RemoteWebDriver.java:323)
at org.openqa.selenium.remote.RemoteWebDriver.findElementByXPath(RemoteWebDriver.java:428)
at org.openqa.selenium.By$ByXPath.findElement(By.java:353)
at org.openqa.selenium.remote.RemoteWebDriver.findElement(RemoteWebDriver.java:315)
at com.qa.testQA.LandingPageTest.kiposSignInTest(LandingPageTest.java:104)
at sun.reflect.NativeMethodAccessorImpl.invoke0(Native Method)
at sun.reflect.NativeMethodAccessorImpl.invoke(NativeMethodAccessorImpl.java:62)
at sun.reflect.DelegatingMethodAccessorImpl.invoke(DelegatingMethodAccessorImpl.java:43)
at java.lang.reflect.Method.invoke(Method.java:498)
at org.testng.internal.MethodInvocationHelper.invokeMethod(MethodInvocationHelper.java:133)
at org.testng.internal.TestInvoker.invokeMethod(TestInvoker.java:584)
at org.testng.internal.TestInvoker.invokeTestMethod(TestInvoker.java:172)
at org.testng.internal.MethodRunner.runInSequence(MethodRunner.java:46)
at org.testng.internal.TestInvoker$MethodInvocationAgent.invoke(TestInvoker.java:804)
at org.testng.internal.TestInvoker.invokeTestMethods(TestInvoker.java:145)
at org.testng.internal.TestMethodWorker.invokeTestMethods(TestMethodWorker.java:146)
at org.testng.internal.TestMethodWorker.run(TestMethodWorker.java:128)
at java.util.ArrayList.forEach(ArrayList.java:1257)
at org.testng.TestRunner.privateRun(TestRunner.java:770)
at org.testng.TestRunner.run(TestRunner.java:591)
at org.testng.SuiteRunner.runTest(SuiteRunner.java:402)
at org.testng.SuiteRunner.runSequentially(SuiteRunner.java:396)
at org.testng.SuiteRunner.privateRun(SuiteRunner.java:355)
at org.testng.SuiteRunner.run(SuiteRunner.java:304)
at org.testng.SuiteRunnerWorker.runSuite(SuiteRunnerWorker.java:53)
at org.testng.SuiteRunnerWorker.run(SuiteRunnerWorker.java:96)
at org.testng.TestNG.runSuitesSequentially(TestNG.java:1180)
at org.testng.TestNG.runSuitesLocally(TestNG.java:1102)
at org.testng.TestNG.runSuites(TestNG.java:1032)
at org.testng.TestNG.run(TestNG.java:1000)
at org.testng.remote.AbstractRemoteTestNG.run(AbstractRemoteTestNG.java:115)
at org.testng.remote.RemoteTestNG.initAndRun(RemoteTestNG.java:251)
at org.testng.remote.RemoteTestNG.main(RemoteTestNG.java:77)
]]>
            </full-stacktrace>
          </exception> <!-- org.openqa.selenium.NoSuchElementException -->
          <reporter-output>
          </reporter-output>
        </test-method> <!-- kiposSignInTest -->
        <test-method status="PASS" signature="tearDown(org.testng.ITestResult)[pri:0, instance:com.qa.testQA.LandingPageTest@3e57cd70]" name="tearDown" is-config="true" duration-ms="2088" started-at="2019-11-26T11:54:39 IST" finished-at="2019-11-26T11:54:41 IST">
          <params>
            <param index="0">
              <value>
                <![CDATA[[TestResult name=kiposSignInTest status=FAILURE method=LandingPageTest.kiposSignInTest()[pri:1, instance:com.qa.testQA.LandingPageTest@3e57cd70] output={null}]]]>
              </value>
            </param>
          </params>
          <reporter-output>
          </reporter-output>
        </test-method> <!-- tearDown -->
        <test-method status="PASS" signature="setup()[pri:0, instance:com.qa.testQA.LandingPageTest@3e57cd70]" name="setup" is-config="true" duration-ms="15230" started-at="2019-11-26T11:54:41 IST" finished-at="2019-11-26T11:54:56 IST">
          <reporter-output>
          </reporter-output>
        </test-method> <!-- setup -->
        <test-method status="PASS" signature="kiposLogoTest()[pri:2, instance:com.qa.testQA.LandingPageTest@3e57cd70]" name="kiposLogoTest" duration-ms="2307" started-at="2019-11-26T11:54:56 IST" finished-at="2019-11-26T11:54:59 IST">
          <reporter-output>
          </reporter-output>
        </test-method> <!-- kiposLogoTest -->
        <test-method status="PASS" signature="tearDown(org.testng.ITestResult)[pri:0, instance:com.qa.testQA.LandingPageTest@3e57cd70]" name="tearDown" is-config="true" duration-ms="758" started-at="2019-11-26T11:54:59 IST" finished-at="2019-11-26T11:54:59 IST">
          <params>
            <param index="0">
              <value>
                <![CDATA[[TestResult name=kiposLogoTest status=SUCCESS method=LandingPageTest.kiposLogoTest()[pri:2, instance:com.qa.testQA.LandingPageTest@3e57cd70] output={null}]]]>
              </value>
            </param>
          </params>
          <reporter-output>
          </reporter-output>
        </test-method> <!-- tearDown -->
        <test-method status="PASS" signature="endReport()[pri:0, instance:com.qa.testQA.LandingPageTest@3e57cd70]" name="endReport" is-config="true" duration-ms="603" started-at="2019-11-26T11:54:59 IST" finished-at="2019-11-26T11:55:00 IST">
          <reporter-output>
          </reporter-output>
        </test-method> <!-- endReport -->
      </class> <!-- com.qa.testQA.LandingPageTest -->
    </test> <!-- Extent report screenshot -->
  </suite> <!-- Extent Reports Failed Screenshot -->
</testng-results>
